/Users/Josiah/miniconda3/lib/python3.13/site-packages/pyproj/network.py:59: UserWarning: pyproj unable to set PROJ database path.
  _set_context_ca_bundle_path(ca_bundle_path)
ERROR 1: PROJ: proj_create_from_database: /Users/Josiah/miniconda3/lib/python3.13/site-packages/pyogrio/proj_data/proj.db contains DATABASE.LAYOUT.VERSION.MINOR = 5 whereas a number >= 6 is expected. It comes from another PROJ installation.
Loading data...
Train: (150634, 77)  |  Test: (16737, 76)

Loading new data sources (2014 & 2019)...
✓ 2014 Income: (29, 20) | Transport: (29, 12)
✓ 2019 Income: (31, 20) | Employed Transport: (47, 12)
✓ New demographic features created: 70

Building advanced spatial features...

Computing rail and station features...
  Loading rail GeoJSON files...
⚠ Rail distance computation error: Could not correctly detect PROJ data files installed by pyogrio wheel
  Using default values (0)

Advanced feature engineering...

Outlier detection...
After outlier removal: (144940, 178)

Advanced target encoding...
Final data shapes: Train (144940, 211), Test (16737, 211)

Building ensemble model...

Cross-validating ensemble...
Cross-validation RMSE (log scale): 0.0505

Training final ensemble...

Generating predictions...

Submission shape: (16737, 2)
Prediction range: 214,257 - 951,492
✓ Submission saved → ../submission_fixed.csv
